Determining if the pthread_create exist failed with the following output:
Change Dir: /home/charalambos/Documents/CODE/COMP371/2017/FALL/SkeletonCode/cmake-build-debug/CMakeFiles/CMakeTmp

Run Build Command:"/usr/bin/gmake" "cmTC_d57ab/fast"
/usr/bin/gmake -f CMakeFiles/cmTC_d57ab.dir/build.make CMakeFiles/cmTC_d57ab.dir/build
gmake[1]: Entering directory '/home/charalambos/Documents/CODE/COMP371/2017/FALL/SkeletonCode/cmake-build-debug/CMakeFiles/CMakeTmp'
Building C object CMakeFiles/cmTC_d57ab.dir/CheckSymbolExists.c.o
/usr/bin/cc    -o CMakeFiles/cmTC_d57ab.dir/CheckSymbolExists.c.o   -c /home/charalambos/Documents/CODE/COMP371/2017/FALL/SkeletonCode/cmake-build-debug/CMakeFiles/CMakeTmp/CheckSymbolExists.c
Linking C executable cmTC_d57ab
/home/charalambos/bin/clion-2017.2.2/bin/cmake/bin/cmake -E cmake_link_script CMakeFiles/cmTC_d57ab.dir/link.txt --verbose=1
/usr/bin/cc      CMakeFiles/cmTC_d57ab.dir/CheckSymbolExists.c.o  -o cmTC_d57ab 
CMakeFiles/cmTC_d57ab.dir/CheckSymbolExists.c.o: In function `main':
CheckSymbolExists.c:(.text+0x16): undefined reference to `pthread_create'
collect2: error: ld returned 1 exit status
CMakeFiles/cmTC_d57ab.dir/build.make:97: recipe for target 'cmTC_d57ab' failed
gmake[1]: *** [cmTC_d57ab] Error 1
gmake[1]: Leaving directory '/home/charalambos/Documents/CODE/COMP371/2017/FALL/SkeletonCode/cmake-build-debug/CMakeFiles/CMakeTmp'
Makefile:126: recipe for target 'cmTC_d57ab/fast' failed
gmake: *** [cmTC_d57ab/fast] Error 2

File /home/charalambos/Documents/CODE/COMP371/2017/FALL/SkeletonCode/cmake-build-debug/CMakeFiles/CMakeTmp/CheckSymbolExists.c:
/* */
#include <pthread.h>

int main(int argc, char** argv)
{
  (void)argv;
#ifndef pthread_create
  return ((int*)(&pthread_create))[argc];
#else
  (void)argc;
  return 0;
#endif
}

Determining if the function pthread_create exists in the pthreads failed with the following output:
Change Dir: /home/charalambos/Documents/CODE/COMP371/2017/FALL/SkeletonCode/cmake-build-debug/CMakeFiles/CMakeTmp

Run Build Command:"/usr/bin/gmake" "cmTC_48021/fast"
/usr/bin/gmake -f CMakeFiles/cmTC_48021.dir/build.make CMakeFiles/cmTC_48021.dir/build
gmake[1]: Entering directory '/home/charalambos/Documents/CODE/COMP371/2017/FALL/SkeletonCode/cmake-build-debug/CMakeFiles/CMakeTmp'
Building C object CMakeFiles/cmTC_48021.dir/CheckFunctionExists.c.o
/usr/bin/cc   -DCHECK_FUNCTION_EXISTS=pthread_create   -o CMakeFiles/cmTC_48021.dir/CheckFunctionExists.c.o   -c /home/charalambos/bin/clion-2017.2.2/bin/cmake/share/cmake-3.8/Modules/CheckFunctionExists.c
Linking C executable cmTC_48021
/home/charalambos/bin/clion-2017.2.2/bin/cmake/bin/cmake -E cmake_link_script CMakeFiles/cmTC_48021.dir/link.txt --verbose=1
/usr/bin/cc  -DCHECK_FUNCTION_EXISTS=pthread_create    CMakeFiles/cmTC_48021.dir/CheckFunctionExists.c.o  -o cmTC_48021 -lpthreads 
/usr/lib64/gcc/x86_64-suse-linux/4.8/../../../../x86_64-suse-linux/bin/ld: cannot find -lpthreads
collect2: error: ld returned 1 exit status
CMakeFiles/cmTC_48021.dir/build.make:97: recipe for target 'cmTC_48021' failed
gmake[1]: *** [cmTC_48021] Error 1
gmake[1]: Leaving directory '/home/charalambos/Documents/CODE/COMP371/2017/FALL/SkeletonCode/cmake-build-debug/CMakeFiles/CMakeTmp'
Makefile:126: recipe for target 'cmTC_48021/fast' failed
gmake: *** [cmTC_48021/fast] Error 2


